2020-03-07 21:59:48,763 - INFO - Element found with locator: //*[@id='block_top_menu']/ul/li[2]/a[contains(text(),'Dresses')] and  locatorType: xpath
2020-03-07 21:59:49,314 - INFO - Moved on element with locator: //*[@id='block_top_menu']/ul/li[2]/a[contains(text(),'Dresses')] locatorType: xpath
2020-03-07 21:59:49,346 - INFO - Element found with locator: //*[@id='block_top_menu']/ul/li[2]/ul/li[1]/a[contains(text(),'Casual Dresses')] and  locatorType: xpath
2020-03-07 22:00:02,668 - INFO - Moved on element and click with locator: //*[@id='block_top_menu']/ul/li[2]/ul/li[1]/a[contains(text(),'Casual Dresses')] locatorType: xpath
2020-03-07 22:00:02,684 - INFO - ### VERIFICATION CONTAINS !!!
2020-03-07 22:00:02,701 - INFO - Element found with locator: //*[@id='center_column']//span[@class='cat-name'] and  locatorType: xpath
2020-03-07 22:00:02,723 - INFO - Getting text on element :: 
2020-03-07 22:00:02,723 - INFO - The text is :: 'CASUAL DRESSES '
2020-03-07 22:00:02,755 - INFO - Element found with locator: //*[@id='center_column']//a[contains(text(),'Printed Dress')] and  locatorType: xpath
2020-03-07 22:00:02,755 - INFO - Element present with locator: //*[@id='center_column']//a[contains(text(),'Printed Dress')] locatorType: xpath
2020-03-07 22:00:02,779 - INFO - Element found with locator: //*[@title='Add to cart'] and  locatorType: xpath
2020-03-07 22:00:05,804 - INFO - Cannot click on the element with locator: //*[@title='Add to cart'] locatorType: xpath
2020-03-07 22:00:05,850 - INFO - Element found with locator: //*[@id='center_column']/ul/li/div and  locatorType: xpath
2020-03-07 22:00:06,382 - INFO - Moved on element with locator: //*[@id='center_column']/ul/li/div locatorType: xpath
2020-03-07 22:00:06,384 - INFO - Waiting for maximum :: 60 :: seconds for element to be clickable
2020-03-07 22:01:06,781 - INFO - Element not appeared on the web page
2020-03-07 22:01:06,802 - INFO - Element found with locator: //*[@id='layer_cart_product_price'] and  locatorType: xpath
2020-03-07 22:01:06,832 - INFO - price
2020-03-07 22:01:06,832 - ERROR - ### VERIFICATION FAILED :: + test_add_product
2020-03-07 22:01:06,833 - ERROR - test_add_product ### TEST FAILED
